<?xml version="1.0" encoding="UTF-8"?>
<!-- Generated by org.testng.reporters.JUnitReportReporter -->
<testsuite hostname="Atish" failures="0" tests="4" name="api.test.User_Tests" time="5.585" errors="0" timestamp="2024-08-15T01:18:05 IST" skipped="0">
  <testcase classname="api.test.User_Tests" name="testposuser" time="1.426"/>
  <system-out/>
  <testcase classname="api.test.User_Tests" name="testgetuserbyName" time="1.022"/>
  <system-out/>
  <testcase classname="api.test.User_Tests" name="testupdateUserByName" time="2.111"/>
  <system-out/>
  <testcase classname="api.test.User_Tests" name="testdeleteuserByName" time="1.026"/>
  <system-out/>
</testsuite> <!-- api.test.User_Tests -->
