<?xml version="1.0" encoding="UTF-8"?>
<!-- Generated by org.testng.reporters.JUnitReportReporter -->
<testsuite hostname="Atish" failures="0" tests="5" name="api.test.Pet_Test" time="8.702" errors="0" timestamp="2024-08-15T01:18:05 IST" skipped="0">
  <testcase classname="api.test.Pet_Test" name="createpetentry" time="4.378"/>
  <system-out/>
  <testcase classname="api.test.Pet_Test" name="retrieve_pet_details" time="1.026"/>
  <system-out/>
  <testcase classname="api.test.Pet_Test" name="update_pet_details" time="1.157"/>
  <system-out/>
  <testcase classname="api.test.Pet_Test" name="retrieve_pet_details_after_update" time="1.059"/>
  <system-out/>
  <testcase classname="api.test.Pet_Test" name="delete_pet_details" time="1.082"/>
  <system-out/>
</testsuite> <!-- api.test.Pet_Test -->
